[2022-03-21 20:04:57.912] [exthost] [info] Extension host with pid 3133 started
[2022-03-21 20:04:57.917] [exthost] [info] Lock '/var/www/.vscode-server/data/User/workspaceStorage/19d5e883007e9e5b9cf0a4f0d30b86c0/vscode.lock': Lock acquired.
[2022-03-21 20:04:58.060] [exthost] [info] ExtensionService#_doActivateExtension bmewburn.vscode-intelephense-client, startup: false, activationEvent: 'onLanguage:php'
[2022-03-21 20:04:58.097] [exthost] [info] ExtensionService#_doActivateExtension vscode.debug-auto-launch, startup: true, activationEvent: '*'
[2022-03-21 20:04:58.101] [exthost] [info] ExtensionService#_doActivateExtension vscode.git-base, startup: true, activationEvent: '*', root cause: vscode.github
[2022-03-21 20:04:58.104] [exthost] [info] ExtensionService#_doActivateExtension vscode.ipynb, startup: true, activationEvent: '*'
[2022-03-21 20:04:58.116] [exthost] [info] ExtensionService#_doActivateExtension EditorConfig.EditorConfig, startup: true, activationEvent: '*'
[2022-03-21 20:04:58.124] [exthost] [info] ExtensionService#_doActivateExtension vscode.npm, startup: true, activationEvent: 'workspaceContains:package.json'
[2022-03-21 20:04:58.189] [exthost] [info] ExtensionService#_doActivateExtension vscode.git, startup: true, activationEvent: '*'
[2022-03-21 20:04:58.253] [exthost] [info] ExtensionService#_doActivateExtension vscode.github, startup: true, activationEvent: '*'
[2022-03-21 20:04:58.448] [exthost] [info] ExtensionService#_doActivateExtension vscode.emmet, startup: false, activationEvent: 'onStartupFinished'
[2022-03-21 20:04:58.462] [exthost] [info] ExtensionService#_doActivateExtension vscode.merge-conflict, startup: false, activationEvent: 'onStartupFinished'
[2022-03-21 20:04:58.466] [exthost] [info] ExtensionService#_doActivateExtension eamodio.gitlens, startup: false, activationEvent: 'onStartupFinished'
[2022-03-21 20:04:58.588] [exthost] [info] ExtensionService#_doActivateExtension streetsidesoftware.code-spell-checker, startup: false, activationEvent: 'onStartupFinished'
[2022-03-21 20:04:58.644] [exthost] [info] Eager extensions activated
[2022-03-21 20:04:58.731] [exthost] [info] ExtensionService#_doActivateExtension streetsidesoftware.code-spell-checker-portuguese-brazilian, startup: false, activationEvent: 'onStartupFinished'
[2022-03-21 20:06:35.272] [exthost] [info] ExtensionService#_doActivateExtension calebporzio.better-phpunit, startup: false, activationEvent: 'onCommand:better-phpunit.run'
[2022-03-21 20:06:35.303] [exthost] [info] ExtensionService#_doActivateExtension vscode.grunt, startup: false, activationEvent: 'onTaskType:grunt'
[2022-03-21 20:06:35.305] [exthost] [info] ExtensionService#_doActivateExtension vscode.gulp, startup: false, activationEvent: 'onTaskType:gulp'
[2022-03-21 20:06:35.307] [exthost] [info] ExtensionService#_doActivateExtension vscode.jake, startup: false, activationEvent: 'onTaskType:jake'
[2022-03-21 20:06:35.309] [exthost] [info] ExtensionService#_doActivateExtension vscode.typescript-language-features, startup: false, activationEvent: 'onTaskType:typescript'
[2022-03-21 20:06:35.499] [exthost] [info] ExtensionService#_doActivateExtension vscode.configuration-editing, startup: false, activationEvent: 'onLanguage:json'
[2022-03-21 20:06:35.504] [exthost] [info] ExtensionService#_doActivateExtension vscode.extension-editing, startup: false, activationEvent: 'onLanguage:json'
[2022-03-21 20:06:35.518] [exthost] [info] ExtensionService#_doActivateExtension vscode.json-language-features, startup: false, activationEvent: 'onLanguage:json'
[2022-03-21 21:31:01.842] [exthost] [warning] [Decorations] CAPPING events from decorations provider vscode.git 5520
[2022-03-21 21:31:04.624] [exthost] [warning] [Decorations] CAPPING events from decorations provider vscode.git 5520
[2022-03-21 21:31:09.746] [exthost] [warning] [Decorations] CAPPING events from decorations provider vscode.git 5520
[2022-03-21 21:31:14.857] [exthost] [warning] [Decorations] CAPPING events from decorations provider vscode.git 5520
[2022-03-21 21:31:19.988] [exthost] [warning] [Decorations] CAPPING events from decorations provider vscode.git 5520
[2022-03-21 21:32:10.195] [exthost] [warning] [Decorations] CAPPING events from decorations provider vscode.git 5520
[2022-03-21 21:32:15.318] [exthost] [warning] [Decorations] CAPPING events from decorations provider vscode.git 5520
[2022-03-21 21:32:23.478] [exthost] [warning] [Decorations] CAPPING events from decorations provider vscode.git 5520
[2022-03-21 21:33:13.447] [exthost] [warning] [Decorations] CAPPING events from decorations provider vscode.git 5520
[2022-03-21 21:33:18.578] [exthost] [warning] [Decorations] CAPPING events from decorations provider vscode.git 5520
[2022-03-21 21:33:25.388] [exthost] [warning] [Decorations] CAPPING events from decorations provider vscode.git 5520
[2022-03-21 21:33:30.522] [exthost] [warning] [Decorations] CAPPING events from decorations provider vscode.git 5520
[2022-03-21 21:33:35.658] [exthost] [warning] [Decorations] CAPPING events from decorations provider vscode.git 5520
[2022-03-21 21:33:40.787] [exthost] [warning] [Decorations] CAPPING events from decorations provider vscode.git 5520
[2022-03-21 21:33:45.911] [exthost] [warning] [Decorations] CAPPING events from decorations provider vscode.git 5520
[2022-03-21 21:33:51.050] [exthost] [warning] [Decorations] CAPPING events from decorations provider vscode.git 5520
[2022-03-21 21:33:59.506] [exthost] [warning] [Decorations] CAPPING events from decorations provider vscode.git 5520
[2022-03-21 21:34:04.629] [exthost] [warning] [Decorations] CAPPING events from decorations provider vscode.git 5520
[2022-03-21 21:34:09.785] [exthost] [warning] [Decorations] CAPPING events from decorations provider vscode.git 5520
[2022-03-21 21:34:14.941] [exthost] [warning] [Decorations] CAPPING events from decorations provider vscode.git 5520
[2022-03-21 21:34:20.091] [exthost] [warning] [Decorations] CAPPING events from decorations provider vscode.git 5520
[2022-03-21 21:34:25.230] [exthost] [warning] [Decorations] CAPPING events from decorations provider vscode.git 5520
[2022-03-21 21:34:36.643] [exthost] [warning] [Decorations] CAPPING events from decorations provider vscode.git 5520
[2022-03-21 21:34:41.779] [exthost] [warning] [Decorations] CAPPING events from decorations provider vscode.git 5520
[2022-03-21 21:34:46.927] [exthost] [warning] [Decorations] CAPPING events from decorations provider vscode.git 5520
[2022-03-21 21:34:52.041] [exthost] [warning] [Decorations] CAPPING events from decorations provider vscode.git 5520
[2022-03-21 21:35:01.440] [exthost] [warning] [Decorations] CAPPING events from decorations provider vscode.git 5520
[2022-03-21 21:35:06.571] [exthost] [warning] [Decorations] CAPPING events from decorations provider vscode.git 5520
[2022-03-21 21:35:11.723] [exthost] [warning] [Decorations] CAPPING events from decorations provider vscode.git 5520
[2022-03-21 21:35:16.870] [exthost] [warning] [Decorations] CAPPING events from decorations provider vscode.git 5520
[2022-03-21 21:35:22.048] [exthost] [warning] [Decorations] CAPPING events from decorations provider vscode.git 5520
[2022-03-21 21:35:27.209] [exthost] [warning] [Decorations] CAPPING events from decorations provider vscode.git 5520
[2022-03-21 21:35:32.335] [exthost] [warning] [Decorations] CAPPING events from decorations provider vscode.git 5520
[2022-03-21 21:35:37.487] [exthost] [warning] [Decorations] CAPPING events from decorations provider vscode.git 5520
[2022-03-21 21:35:42.644] [exthost] [warning] [Decorations] CAPPING events from decorations provider vscode.git 5520
[2022-03-21 21:35:47.818] [exthost] [warning] [Decorations] CAPPING events from decorations provider vscode.git 5520
[2022-03-21 21:35:52.988] [exthost] [warning] [Decorations] CAPPING events from decorations provider vscode.git 5520
[2022-03-21 21:36:09.131] [exthost] [warning] [Decorations] CAPPING events from decorations provider vscode.git 5520
[2022-03-21 21:36:14.266] [exthost] [warning] [Decorations] CAPPING events from decorations provider vscode.git 5520
[2022-03-21 21:36:19.427] [exthost] [warning] [Decorations] CAPPING events from decorations provider vscode.git 5520
[2022-03-21 21:36:26.022] [exthost] [warning] [Decorations] CAPPING events from decorations provider vscode.git 5520
[2022-03-21 21:36:31.174] [exthost] [warning] [Decorations] CAPPING events from decorations provider vscode.git 5520
[2022-03-21 21:36:43.053] [exthost] [warning] [Decorations] CAPPING events from decorations provider vscode.git 5520
[2022-03-21 21:36:48.220] [exthost] [warning] [Decorations] CAPPING events from decorations provider vscode.git 5520
[2022-03-21 21:36:53.380] [exthost] [warning] [Decorations] CAPPING events from decorations provider vscode.git 5520
[2022-03-21 21:36:58.518] [exthost] [warning] [Decorations] CAPPING events from decorations provider vscode.git 5520
[2022-03-21 21:37:03.663] [exthost] [warning] [Decorations] CAPPING events from decorations provider vscode.git 5520
[2022-03-21 21:37:08.799] [exthost] [warning] [Decorations] CAPPING events from decorations provider vscode.git 5520
[2022-03-21 21:37:20.810] [exthost] [warning] [Decorations] CAPPING events from decorations provider vscode.git 5520
[2022-03-21 21:37:25.978] [exthost] [warning] [Decorations] CAPPING events from decorations provider vscode.git 5520
[2022-03-21 21:37:31.137] [exthost] [warning] [Decorations] CAPPING events from decorations provider vscode.git 5520
[2022-03-21 21:37:36.289] [exthost] [warning] [Decorations] CAPPING events from decorations provider vscode.git 5520
[2022-03-21 21:37:41.437] [exthost] [warning] [Decorations] CAPPING events from decorations provider vscode.git 5520
[2022-03-21 21:37:46.583] [exthost] [warning] [Decorations] CAPPING events from decorations provider vscode.git 5520
[2022-03-21 21:37:51.737] [exthost] [warning] [Decorations] CAPPING events from decorations provider vscode.git 5520
[2022-03-21 21:37:56.904] [exthost] [warning] [Decorations] CAPPING events from decorations provider vscode.git 5520
[2022-03-21 21:38:02.044] [exthost] [warning] [Decorations] CAPPING events from decorations provider vscode.git 5520
[2022-03-21 21:38:07.198] [exthost] [warning] [Decorations] CAPPING events from decorations provider vscode.git 5520
[2022-03-21 21:38:12.332] [exthost] [warning] [Decorations] CAPPING events from decorations provider vscode.git 5520
[2022-03-21 21:38:17.466] [exthost] [warning] [Decorations] CAPPING events from decorations provider vscode.git 5520
[2022-03-21 21:38:22.622] [exthost] [warning] [Decorations] CAPPING events from decorations provider vscode.git 5520
[2022-03-21 21:38:27.783] [exthost] [warning] [Decorations] CAPPING events from decorations provider vscode.git 5520
[2022-03-21 21:38:32.942] [exthost] [warning] [Decorations] CAPPING events from decorations provider vscode.git 5520
[2022-03-21 21:38:38.091] [exthost] [warning] [Decorations] CAPPING events from decorations provider vscode.git 5520
[2022-03-21 21:38:43.245] [exthost] [warning] [Decorations] CAPPING events from decorations provider vscode.git 5520
[2022-03-21 21:38:48.408] [exthost] [warning] [Decorations] CAPPING events from decorations provider vscode.git 5520
[2022-03-21 21:38:53.550] [exthost] [warning] [Decorations] CAPPING events from decorations provider vscode.git 5520
[2022-03-21 21:38:58.703] [exthost] [warning] [Decorations] CAPPING events from decorations provider vscode.git 5520
[2022-03-21 21:39:03.881] [exthost] [warning] [Decorations] CAPPING events from decorations provider vscode.git 5520
[2022-03-21 21:39:09.034] [exthost] [warning] [Decorations] CAPPING events from decorations provider vscode.git 5520
[2022-03-21 21:39:14.191] [exthost] [warning] [Decorations] CAPPING events from decorations provider vscode.git 5520
[2022-03-21 21:39:19.349] [exthost] [warning] [Decorations] CAPPING events from decorations provider vscode.git 5520
[2022-03-21 21:39:24.485] [exthost] [warning] [Decorations] CAPPING events from decorations provider vscode.git 5520
[2022-03-21 21:39:29.646] [exthost] [warning] [Decorations] CAPPING events from decorations provider vscode.git 5520
