[2022-03-21 19:51:51.223] [exthost] [info] Extension host with pid 221 started
[2022-03-21 19:51:51.230] [exthost] [info] Lock '/var/www/.vscode-server/data/User/workspaceStorage/19d5e883007e9e5b9cf0a4f0d30b86c0/vscode.lock': Lock acquired.
[2022-03-21 19:51:51.256] [exthost] [info] ExtensionService#_doActivateExtension vscode.debug-auto-launch, startup: true, activationEvent: '*'
[2022-03-21 19:51:51.260] [exthost] [info] ExtensionService#_doActivateExtension vscode.git-base, startup: true, activationEvent: '*', root cause: vscode.github
[2022-03-21 19:51:51.263] [exthost] [info] ExtensionService#_doActivateExtension vscode.ipynb, startup: true, activationEvent: '*'
[2022-03-21 19:51:51.283] [exthost] [info] ExtensionService#_doActivateExtension vscode.npm, startup: true, activationEvent: 'workspaceContains:package.json'
[2022-03-21 19:51:51.316] [exthost] [info] ExtensionService#_doActivateExtension vscode.git, startup: true, activationEvent: '*'
[2022-03-21 19:51:51.367] [exthost] [info] ExtensionService#_doActivateExtension vscode.github, startup: true, activationEvent: '*'
[2022-03-21 19:51:51.568] [exthost] [info] ExtensionService#_doActivateExtension vscode.emmet, startup: false, activationEvent: 'onStartupFinished'
[2022-03-21 19:51:51.579] [exthost] [info] ExtensionService#_doActivateExtension vscode.merge-conflict, startup: false, activationEvent: 'onStartupFinished'
[2022-03-21 19:51:51.581] [exthost] [info] Eager extensions activated
[2022-03-21 19:52:05.745] [exthost] [info] ExtensionService#_doActivateExtension streetsidesoftware.code-spell-checker, startup: false, activationEvent: 'onStartupFinished'
[2022-03-21 19:52:05.821] [exthost] [info] ExtensionService#_doActivateExtension streetsidesoftware.code-spell-checker-portuguese-brazilian, startup: false, activationEvent: 'onStartupFinished'
[2022-03-21 19:52:50.188] [exthost] [info] ExtensionService#_doActivateExtension eamodio.gitlens, startup: false, activationEvent: 'onStartupFinished'
[2022-03-21 19:52:53.086] [exthost] [info] ExtensionService#_doActivateExtension EditorConfig.EditorConfig, startup: false, activationEvent: '*'
[2022-03-21 19:53:38.458] [exthost] [info] ExtensionService#_doActivateExtension vscode.configuration-editing, startup: false, activationEvent: 'onLanguage:jsonc'
[2022-03-21 19:53:38.462] [exthost] [info] ExtensionService#_doActivateExtension vscode.json-language-features, startup: false, activationEvent: 'onLanguage:jsonc'
[2022-03-21 19:53:38.507] [exthost] [info] ExtensionService#_doActivateExtension vscode.typescript-language-features, startup: false, activationEvent: 'onLanguage:jsonc'
[2022-03-21 20:03:56.758] [exthost] [info] ExtensionService#_doActivateExtension bmewburn.vscode-intelephense-client, startup: false, activationEvent: 'onLanguage:php'
[2022-03-21 20:04:54.956] [exthost] [info] extension host terminating: received terminate message from renderer
[2022-03-21 20:04:54.956] [exthost] [info] Lock '/var/www/.vscode-server/data/User/workspaceStorage/19d5e883007e9e5b9cf0a4f0d30b86c0/vscode.lock': Marking the lockfile as scheduled to be released in 6000 ms.
[2022-03-21 20:04:54.977] [exthost] [error] An error occurred when deactivating the subscriptions for extension 'bmewburn.vscode-intelephense-client':
[2022-03-21 20:04:54.979] [exthost] [error] TypeError: Cannot read private member from an object whose class did not declare it
	at Pe (/var/www/.vscode-server/bin/c722ca6c7eed3d7987c0d5c3df5c45f6b15e77d1/out/vs/workbench/api/node/extensionHostProcess.js:90:7024)
	at Object.dispose (/var/www/.vscode-server/bin/c722ca6c7eed3d7987c0d5c3df5c45f6b15e77d1/out/vs/workbench/api/node/extensionHostProcess.js:76:121364)
	at g (/var/www/.vscode-server/bin/c722ca6c7eed3d7987c0d5c3df5c45f6b15e77d1/out/vs/workbench/api/node/extensionHostProcess.js:8:12307)
	at d._deactivate (/var/www/.vscode-server/bin/c722ca6c7eed3d7987c0d5c3df5c45f6b15e77d1/out/vs/workbench/api/node/extensionHostProcess.js:90:11931)
	at /var/www/.vscode-server/bin/c722ca6c7eed3d7987c0d5c3df5c45f6b15e77d1/out/vs/workbench/api/node/extensionHostProcess.js:90:10226
	at Array.map (<anonymous>)
	at deactivateAll (/var/www/.vscode-server/bin/c722ca6c7eed3d7987c0d5c3df5c45f6b15e77d1/out/vs/workbench/api/node/extensionHostProcess.js:90:10214)
	at S.terminate (/var/www/.vscode-server/bin/c722ca6c7eed3d7987c0d5c3df5c45f6b15e77d1/out/vs/workbench/api/node/extensionHostProcess.js:94:880)
	at c (/var/www/.vscode-server/bin/c722ca6c7eed3d7987c0d5c3df5c45f6b15e77d1/out/vs/workbench/api/node/extensionHostProcess.js:104:36243)
	at /var/www/.vscode-server/bin/c722ca6c7eed3d7987c0d5c3df5c45f6b15e77d1/out/vs/workbench/api/node/extensionHostProcess.js:104:34204
	at d.invoke (/var/www/.vscode-server/bin/c722ca6c7eed3d7987c0d5c3df5c45f6b15e77d1/out/vs/workbench/api/node/extensionHostProcess.js:58:145)
	at b.fire (/var/www/.vscode-server/bin/c722ca6c7eed3d7987c0d5c3df5c45f6b15e77d1/out/vs/workbench/api/node/extensionHostProcess.js:58:1856)
	at c.fire (/var/www/.vscode-server/bin/c722ca6c7eed3d7987c0d5c3df5c45f6b15e77d1/out/vs/workbench/api/node/extensionHostProcess.js:66:19017)
	at s._receiveMessage (/var/www/.vscode-server/bin/c722ca6c7eed3d7987c0d5c3df5c45f6b15e77d1/out/vs/workbench/api/node/extensionHostProcess.js:66:23598)
	at /var/www/.vscode-server/bin/c722ca6c7eed3d7987c0d5c3df5c45f6b15e77d1/out/vs/workbench/api/node/extensionHostProcess.js:66:21132
	at d.invoke (/var/www/.vscode-server/bin/c722ca6c7eed3d7987c0d5c3df5c45f6b15e77d1/out/vs/workbench/api/node/extensionHostProcess.js:58:145)
	at b.fire (/var/www/.vscode-server/bin/c722ca6c7eed3d7987c0d5c3df5c45f6b15e77d1/out/vs/workbench/api/node/extensionHostProcess.js:58:1856)
	at b.acceptChunk (/var/www/.vscode-server/bin/c722ca6c7eed3d7987c0d5c3df5c45f6b15e77d1/out/vs/workbench/api/node/extensionHostProcess.js:66:15848)
	at /var/www/.vscode-server/bin/c722ca6c7eed3d7987c0d5c3df5c45f6b15e77d1/out/vs/workbench/api/node/extensionHostProcess.js:66:14978
	at d.invoke (/var/www/.vscode-server/bin/c722ca6c7eed3d7987c0d5c3df5c45f6b15e77d1/out/vs/workbench/api/node/extensionHostProcess.js:58:145)
	at b.fire (/var/www/.vscode-server/bin/c722ca6c7eed3d7987c0d5c3df5c45f6b15e77d1/out/vs/workbench/api/node/extensionHostProcess.js:58:1856)
	at l._processReadQueue (/var/www/.vscode-server/bin/c722ca6c7eed3d7987c0d5c3df5c45f6b15e77d1/out/vs/workbench/api/node/extensionHostProcess.js:104:21298)
	at l.acceptFrame (/var/www/.vscode-server/bin/c722ca6c7eed3d7987c0d5c3df5c45f6b15e77d1/out/vs/workbench/api/node/extensionHostProcess.js:104:20954)
	at S._acceptChunk (/var/www/.vscode-server/bin/c722ca6c7eed3d7987c0d5c3df5c45f6b15e77d1/out/vs/workbench/api/node/extensionHostProcess.js:104:18918)
	at /var/www/.vscode-server/bin/c722ca6c7eed3d7987c0d5c3df5c45f6b15e77d1/out/vs/workbench/api/node/extensionHostProcess.js:104:15907
	at Socket.P (/var/www/.vscode-server/bin/c722ca6c7eed3d7987c0d5c3df5c45f6b15e77d1/out/vs/workbench/api/node/extensionHostProcess.js:104:13790)
	at Socket.emit (events.js:315:20)
	at addChunk (internal/streams/readable.js:309:12)
	at readableAddChunk (internal/streams/readable.js:284:9)
	at Socket.Readable.push (internal/streams/readable.js:223:10)
	at TCP.onStreamRead (internal/stream_base_commons.js:188:23)
[2022-03-21 20:04:55.004] [exthost] [info] Extension host with pid 221 exiting with code 0
