Initializing document watcher...
workspace/tests/Unit/UseCase/Category/FindCategoryByIdUseCaseUnitTest.php: {"insertSpaces":true,"tabSize":2}
workspace/tests/Unit/UseCase/Category/FindCategoryByIdUseCaseUnitTest.php: {"insertSpaces":true,"tabSize":2}
workspace/tests/Unit/UseCase/Category/FindCategoryByIdUseCaseUnitTest.php: {"insertSpaces":true,"tabSize":2}
workspace/tests/Unit/UseCase/Category/FindCategoryByIdUseCaseUnitTest.php: {"insertSpaces":true,"tabSize":2}
workspace/tests/Unit/UseCase/Category/FindCategoryByIdUseCaseUnitTest.php: {"insertSpaces":true,"tabSize":2}
workspace/tests/Unit/UseCase/Category/FindCategoryByIdUseCaseUnitTest.php: {"insertSpaces":true,"tabSize":2}
workspace/database/migrations/2022_03_21_202000_create_categories_table.php: {"insertSpaces":true,"tabSize":2}
workspace/database/migrations/2022_03_21_202000_create_categories_table.php: {"insertSpaces":true,"tabSize":2}
workspace/database/migrations/2022_03_21_202000_create_categories_table.php: {"insertSpaces":true,"tabSize":2}
workspace/database/migrations/2022_03_21_202000_create_categories_table.php: {"insertSpaces":true,"tabSize":2}
workspace/database/migrations/2022_03_21_202000_create_categories_table.php: {"insertSpaces":true,"tabSize":2}
workspace/database/migrations/2022_03_21_202000_create_categories_table.php: {"insertSpaces":true,"tabSize":2}
workspace/database/migrations/2022_03_21_202000_create_categories_table.php: {"insertSpaces":true,"tabSize":2}
workspace/database/migrations/2022_03_21_202000_create_categories_table.php: {"insertSpaces":true,"tabSize":2}
workspace/database/migrations/2022_03_21_202000_create_categories_table.php: {"insertSpaces":true,"tabSize":2}
workspace/database/migrations/2022_03_21_202000_create_categories_table.php: {"insertSpaces":true,"tabSize":2}
workspace/database/migrations/2022_03_21_202000_create_categories_table.php: Using EditorConfig core...
database/migrations/2022_03_21_202000_create_categories_table.php: editor.action.trimTrailingWhitespace
workspace/database/migrations/2022_03_21_202000_create_categories_table.php: {"insertSpaces":true,"tabSize":2}
workspace/database/migrations/2022_03_21_202000_create_categories_table.php: {"insertSpaces":true,"tabSize":2}
workspace/app/Models/Category.php: {"insertSpaces":true,"tabSize":2}
workspace/app/Models/Category.php: {"insertSpaces":true,"tabSize":2}
workspace/app/Models/Category.php: {"insertSpaces":true,"tabSize":2}
workspace/app/Models/Category.php: {"insertSpaces":true,"tabSize":2}
workspace/app/Models/Category.php: {"insertSpaces":true,"tabSize":2}
workspace/app/Models/Category.php: {"insertSpaces":true,"tabSize":2}
workspace/app/Models/Category.php: {"insertSpaces":true,"tabSize":2}
workspace/app/Models/Category.php: {"insertSpaces":true,"tabSize":2}
workspace/app/Models/Category.php: {"insertSpaces":true,"tabSize":2}
workspace/app/Models/Category.php: {"insertSpaces":true,"tabSize":2}
workspace/app/Models/Category.php: {"insertSpaces":true,"tabSize":2}
workspace/app/Models/Category.php: {"insertSpaces":true,"tabSize":2}
workspace/app/Models/Category.php: {"insertSpaces":true,"tabSize":2}
workspace/app/Models/Category.php: {"insertSpaces":true,"tabSize":2}
workspace/app/Models/Category.php: {"insertSpaces":true,"tabSize":2}
workspace/app/Models/Category.php: {"insertSpaces":true,"tabSize":2}
workspace/app/Models/Category.php: {"insertSpaces":true,"tabSize":2}
workspace/app/Models/Category.php: Using EditorConfig core...
app/Models/Category.php: editor.action.trimTrailingWhitespace
workspace/app/Models/Category.php: {"insertSpaces":true,"tabSize":2}
workspace/.editorconfig: {"insertSpaces":true,"tabSize":2}
workspace/.editorconfig: Using EditorConfig core...
.editorconfig: editor.action.trimTrailingWhitespace
.editorconfig file saved.
workspace/app/Models/Category.php: {"insertSpaces":true,"tabSize":4}
workspace/app/Models/Category.php: Using EditorConfig core...
app/Models/Category.php: editor.action.trimTrailingWhitespace
workspace/app/Models/Category.php: {"insertSpaces":true,"tabSize":4}
workspace/app/Models/Category.php: {"insertSpaces":true,"tabSize":4}
workspace/app/Models/Category.php: {"insertSpaces":true,"tabSize":4}
workspace/app/Models/Category.php: {"insertSpaces":true,"tabSize":4}
workspace/app/Models/Category.php: {"insertSpaces":true,"tabSize":4}
workspace/tests/Unit/App/Models/CategoryUnitTest.php: {"insertSpaces":true,"tabSize":4}
workspace/app/Models/Category.php: {"insertSpaces":true,"tabSize":4}
workspace/tests/Unit/App/Models/CategoryUnitTest.php: {"insertSpaces":true,"tabSize":4}
workspace/app/Models/Category.php: {"insertSpaces":true,"tabSize":4}
workspace/tests/Unit/App/Models/CategoryUnitTest.php: {"insertSpaces":true,"tabSize":4}
workspace/tests/Unit/App/Models/CategoryUnitTest.php: {"insertSpaces":true,"tabSize":4}
workspace/app/Models/Category.php: {"insertSpaces":true,"tabSize":4}
workspace/app/Models/Category.php: {"insertSpaces":true,"tabSize":4}
workspace/tests/Unit/App/Models/CategoryUnitTest.php: {"insertSpaces":true,"tabSize":4}
workspace/tests/Unit/App/Models/CategoryUnitTest.php: {"insertSpaces":true,"tabSize":4}
workspace/tests/Unit/App/Models/CategoryUnitTest.php: {"insertSpaces":true,"tabSize":4}
workspace/tests/Unit/App/Models/CategoryUnitTest.php: {"insertSpaces":true,"tabSize":4}
workspace/tests/Unit/App/Models/CategoryUnitTest.php: {"insertSpaces":true,"tabSize":4}
workspace/app/Models/Category.php: {"insertSpaces":true,"tabSize":4}
workspace/tests/Unit/App/Models/CategoryUnitTest.php: {"insertSpaces":true,"tabSize":4}
workspace/tests/Unit/App/Models/CategoryUnitTest.php: Using EditorConfig core...
tests/Unit/App/Models/CategoryUnitTest.php: editor.action.trimTrailingWhitespace
workspace/app/Models/Category.php: {"insertSpaces":true,"tabSize":4}
workspace/app/Models/Category.php: Using EditorConfig core...
app/Models/Category.php: editor.action.trimTrailingWhitespace
workspace/tests/Unit/App/Models/CategoryUnitTest.php: {"insertSpaces":true,"tabSize":4}
workspace/tests/Unit/App/Models/CategoryUnitTest.php: Using EditorConfig core...
tests/Unit/App/Models/CategoryUnitTest.php: editor.action.trimTrailingWhitespace
workspace/tests/Unit/App/Models/CategoryUnitTest.php: {"insertSpaces":true,"tabSize":4}
workspace/tests/Unit/App/Models/CategoryUnitTest.php: {"insertSpaces":true,"tabSize":4}
workspace/tests/Unit/App/Models/CategoryUnitTest.php: {"insertSpaces":true,"tabSize":4}
workspace/tests/Unit/App/Models/CategoryUnitTest.php: Using EditorConfig core...
tests/Unit/App/Models/CategoryUnitTest.php: editor.action.trimTrailingWhitespace
workspace/tests/Unit/App/Models/CategoryUnitTest.php: {"insertSpaces":true,"tabSize":4}
workspace/tests/Unit/App/Models/CategoryUnitTest.php: {"insertSpaces":true,"tabSize":4}
workspace/tests/Unit/App/Models/CategoryUnitTest.php: {"insertSpaces":true,"tabSize":4}
workspace/tests/Unit/App/Models/CategoryUnitTest.php: Using EditorConfig core...
tests/Unit/App/Models/CategoryUnitTest.php: editor.action.trimTrailingWhitespace
workspace/tests/Unit/App/Models/CategoryUnitTest.php: Using EditorConfig core...
tests/Unit/App/Models/CategoryUnitTest.php: editor.action.trimTrailingWhitespace
workspace/tests/Unit/App/Models/CategoryUnitTest.php: Using EditorConfig core...
tests/Unit/App/Models/CategoryUnitTest.php: editor.action.trimTrailingWhitespace
workspace/tests/Unit/App/Models/CategoryUnitTest.php: Using EditorConfig core...
tests/Unit/App/Models/CategoryUnitTest.php: editor.action.trimTrailingWhitespace
workspace/app/Models/Category.php: {"insertSpaces":true,"tabSize":4}
workspace/app/Models/Category.php: Using EditorConfig core...
app/Models/Category.php: editor.action.trimTrailingWhitespace
workspace/tests/Unit/App/Models/CategoryUnitTest.php: {"insertSpaces":true,"tabSize":4}
workspace/app/Models/Category.php: {"insertSpaces":true,"tabSize":4}
workspace/app/Models/Category.php: Using EditorConfig core...
app/Models/Category.php: editor.action.trimTrailingWhitespace
workspace/tests/Unit/App/Models/CategoryUnitTest.php: {"insertSpaces":true,"tabSize":4}
workspace/tests/Unit/App/Models/CategoryUnitTest.php: {"insertSpaces":true,"tabSize":4}
workspace/tests/Unit/App/Models/CategoryUnitTest.php: {"insertSpaces":true,"tabSize":4}
workspace/app/Models/Category.php: {"insertSpaces":true,"tabSize":4}
workspace/tests/Unit/App/Models/CategoryUnitTest.php: {"insertSpaces":true,"tabSize":4}
workspace/tests/Unit/App/Models/CategoryUnitTest.php: Using EditorConfig core...
tests/Unit/App/Models/CategoryUnitTest.php: editor.action.trimTrailingWhitespace
workspace/app/Models/Category.php: {"insertSpaces":true,"tabSize":4}
workspace/app/Models/Category.php: {"insertSpaces":true,"tabSize":4}
workspace/tests/Unit/App/Models/CategoryUnitTest.php: {"insertSpaces":true,"tabSize":4}
workspace/tests/Unit/App/Models/CategoryUnitTest.php: {"insertSpaces":true,"tabSize":4}
workspace/tests/Unit/App/Models/CategoryUnitTest.php: {"insertSpaces":true,"tabSize":4}
workspace/tests/Unit/App/Models/CategoryUnitTest.php: {"insertSpaces":true,"tabSize":4}
workspace/app/Models/Category.php: {"insertSpaces":true,"tabSize":4}
workspace/app/Models/Category.php: Using EditorConfig core...
app/Models/Category.php: editor.action.trimTrailingWhitespace
workspace/tests/Unit/App/Models/CategoryUnitTest.php: {"insertSpaces":true,"tabSize":4}
workspace/tests/Unit/App/Models/CategoryUnitTest.php: Using EditorConfig core...
tests/Unit/App/Models/CategoryUnitTest.php: editor.action.trimTrailingWhitespace
workspace/tests/Unit/App/Models/CategoryUnitTest.php: {"insertSpaces":true,"tabSize":4}
workspace/tests/Unit/App/Models/CategoryUnitTest.php: {"insertSpaces":true,"tabSize":4}
workspace/app/Models/Category.php: {"insertSpaces":true,"tabSize":4}
workspace/app/Models/Category.php: Using EditorConfig core...
app/Models/Category.php: editor.action.trimTrailingWhitespace
workspace/app/Models/Category.php: {"insertSpaces":true,"tabSize":4}
workspace/tests/Unit/App/Models/CategoryUnitTest.php: {"insertSpaces":true,"tabSize":4}
workspace/tests/Unit/App/Models/CategoryUnitTest.php: {"insertSpaces":true,"tabSize":4}
workspace/app/Models/Category.php: {"insertSpaces":true,"tabSize":4}
workspace/app/Models/Category.php: Using EditorConfig core...
app/Models/Category.php: editor.action.trimTrailingWhitespace
workspace/tests/Unit/App/Models/CategoryUnitTest.php: {"insertSpaces":true,"tabSize":4}
workspace/tests/Unit/App/Models/CategoryUnitTest.php: Using EditorConfig core...
tests/Unit/App/Models/CategoryUnitTest.php: editor.action.trimTrailingWhitespace
workspace/tests/Unit/App/Models/CategoryUnitTest.php: Using EditorConfig core...
tests/Unit/App/Models/CategoryUnitTest.php: editor.action.trimTrailingWhitespace
workspace/app/Models/Category.php: {"insertSpaces":true,"tabSize":4}
workspace/tests/Unit/App/Models/CategoryUnitTest.php: {"insertSpaces":true,"tabSize":4}
workspace/tests/Unit/App/Models/CategoryUnitTest.php: Using EditorConfig core...
tests/Unit/App/Models/CategoryUnitTest.php: editor.action.trimTrailingWhitespace
workspace/tests/Unit/App/Models/CategoryUnitTest.php: Using EditorConfig core...
tests/Unit/App/Models/CategoryUnitTest.php: editor.action.trimTrailingWhitespace
workspace/tests/Unit/App/Models/CategoryUnitTest.php: Using EditorConfig core...
tests/Unit/App/Models/CategoryUnitTest.php: editor.action.trimTrailingWhitespace
workspace/tests/Unit/App/Models/CategoryUnitTest.php: Using EditorConfig core...
tests/Unit/App/Models/CategoryUnitTest.php: editor.action.trimTrailingWhitespace
workspace/tests/Unit/App/Models/CategoryUnitTest.php: {"insertSpaces":true,"tabSize":4}
workspace/app/Models/Category.php: {"insertSpaces":true,"tabSize":4}
workspace/app/Models/Category.php: Using EditorConfig core...
app/Models/Category.php: editor.action.trimTrailingWhitespace
workspace/app/Models/Category.php: {"insertSpaces":true,"tabSize":4}
workspace/tests/Unit/App/Models/CategoryUnitTest.php: {"insertSpaces":true,"tabSize":4}
workspace/tests/Unit/App/Models/CategoryUnitTest.php: {"insertSpaces":true,"tabSize":4}
workspace/app/Models/Category.php: {"insertSpaces":true,"tabSize":4}
workspace/app/Models/Category.php: Using EditorConfig core...
app/Models/Category.php: editor.action.trimTrailingWhitespace
workspace/app/Models/Category.php: {"insertSpaces":true,"tabSize":4}
workspace/app/Models/Category.php: {"insertSpaces":true,"tabSize":4}
workspace/tests/Unit/App/Models/CategoryUnitTest.php: {"insertSpaces":true,"tabSize":4}
workspace/app/Models/Category.php: {"insertSpaces":true,"tabSize":4}
workspace/tests/Unit/App/Models/CategoryUnitTest.php: {"insertSpaces":true,"tabSize":4}
workspace/app/Models/Category.php: {"insertSpaces":true,"tabSize":4}
workspace/tests/Unit/App/Models/CategoryUnitTest.php: {"insertSpaces":true,"tabSize":4}
workspace/tests/Unit/App/Models/CategoryUnitTest.php: Using EditorConfig core...
tests/Unit/App/Models/CategoryUnitTest.php: editor.action.trimTrailingWhitespace
workspace/tests/Unit/App/Models/CategoryUnitTest.php: Using EditorConfig core...
tests/Unit/App/Models/CategoryUnitTest.php: editor.action.trimTrailingWhitespace
workspace/tests/Unit/App/Models/CategoryUnitTest.php: Using EditorConfig core...
tests/Unit/App/Models/CategoryUnitTest.php: editor.action.trimTrailingWhitespace
workspace/tests/Unit/App/Models/CategoryUnitTest.php: Using EditorConfig core...
tests/Unit/App/Models/CategoryUnitTest.php: editor.action.trimTrailingWhitespace
workspace/app/Models/Category.php: {"insertSpaces":true,"tabSize":4}
workspace/app/Models/Category.php: {"insertSpaces":true,"tabSize":4}
workspace/tests/Unit/App/Models/CategoryUnitTest.php: {"insertSpaces":true,"tabSize":4}
workspace/tests/Unit/App/Models/CategoryUnitTest.php: {"insertSpaces":true,"tabSize":4}
workspace/tests/Unit/App/Models/CategoryUnitTest.php: {"insertSpaces":true,"tabSize":4}
workspace/tests/Unit/App/Models/BaseModelTestCase.php: {"insertSpaces":true,"tabSize":4}
workspace/tests/Unit/App/Models/CategoryUnitTest.php: {"insertSpaces":true,"tabSize":4}
workspace/tests/Unit/App/Models/BaseModelTestCase.php: {"insertSpaces":true,"tabSize":4}
workspace/tests/Unit/App/Models/BaseModelTestCase.php: {"insertSpaces":true,"tabSize":4}
workspace/tests/Unit/App/Models/BaseModelTestCase.php: {"insertSpaces":true,"tabSize":4}
workspace/tests/Unit/App/Models/BaseModelTestCase.php: {"insertSpaces":true,"tabSize":4}
workspace/tests/Unit/App/Models/BaseModelTestCase.php: {"insertSpaces":true,"tabSize":4}
workspace/tests/Unit/App/Models/BaseModelTestCase.php: {"insertSpaces":true,"tabSize":4}
workspace/tests/Unit/App/Models/BaseModelTestCase.php: {"insertSpaces":true,"tabSize":4}
workspace/tests/Unit/App/Models/BaseModelTestCase.php: {"insertSpaces":true,"tabSize":4}
workspace/tests/Unit/App/Models/BaseModelTestCase.php: Using EditorConfig core...
tests/Unit/App/Models/BaseModelTestCase.php: editor.action.trimTrailingWhitespace
workspace/tests/Unit/App/Models/CategoryUnitTest.php: {"insertSpaces":true,"tabSize":4}
workspace/tests/Unit/App/Models/BaseModelTestCase.php: {"insertSpaces":true,"tabSize":4}
workspace/tests/Unit/App/Models/CategoryUnitTest.php: {"insertSpaces":true,"tabSize":4}
workspace/tests/Unit/App/Models/BaseModelTestCase.php: {"insertSpaces":true,"tabSize":4}
workspace/tests/Unit/App/Models/CategoryUnitTest.php: {"insertSpaces":true,"tabSize":4}
workspace/tests/Unit/App/Models/BaseModelTestCase.php: {"insertSpaces":true,"tabSize":4}
workspace/tests/Unit/App/Models/CategoryUnitTest.php: {"insertSpaces":true,"tabSize":4}
workspace/tests/Unit/App/Models/CategoryUnitTest.php: {"insertSpaces":true,"tabSize":4}
workspace/tests/Unit/App/Models/BaseModelTestCase.php: {"insertSpaces":true,"tabSize":4}
workspace/tests/Unit/App/Models/CategoryUnitTest.php: {"insertSpaces":true,"tabSize":4}
workspace/tests/Unit/App/Models/BaseModelTestCase.php: {"insertSpaces":true,"tabSize":4}
workspace/tests/Unit/App/Models/CategoryUnitTest.php: {"insertSpaces":true,"tabSize":4}
workspace/tests/Unit/App/Models/CategoryUnitTest.php: Using EditorConfig core...
tests/Unit/App/Models/CategoryUnitTest.php: editor.action.trimTrailingWhitespace
workspace/tests/Unit/App/Models/BaseModelTestCase.php: {"insertSpaces":true,"tabSize":4}
workspace/tests/Unit/App/Models/CategoryUnitTest.php: {"insertSpaces":true,"tabSize":4}
workspace/tests/Unit/App/Models/BaseModelTestCase.php: {"insertSpaces":true,"tabSize":4}
workspace/tests/Unit/App/Models/BaseModelTestCase.php: Using EditorConfig core...
tests/Unit/App/Models/BaseModelTestCase.php: editor.action.trimTrailingWhitespace
workspace/tests/Unit/App/Models/CategoryUnitTest.php: {"insertSpaces":true,"tabSize":4}
workspace/tests/Unit/App/Models/CategoryUnitTest.php: Using EditorConfig core...
tests/Unit/App/Models/CategoryUnitTest.php: editor.action.trimTrailingWhitespace
workspace/tests/Unit/App/Models/BaseModelTestCase.php: {"insertSpaces":true,"tabSize":4}
workspace/tests/Unit/App/Models/BaseModelTestCase.php: Using EditorConfig core...
tests/Unit/App/Models/BaseModelTestCase.php: editor.action.trimTrailingWhitespace
workspace/tests/Unit/App/Models/BaseModelTestCase.php: {"insertSpaces":true,"tabSize":4}
workspace/tests/Unit/App/Models/BaseModelTestCase.php: {"insertSpaces":true,"tabSize":4}
workspace/tests/Unit/App/Models/BaseModelTestCase.php: {"insertSpaces":true,"tabSize":4}
workspace/tests/Unit/App/Models/BaseModelTestCase.php: {"insertSpaces":true,"tabSize":4}
workspace/tests/Unit/App/Models/BaseModelTestCase.php: {"insertSpaces":true,"tabSize":4}
workspace/tests/Unit/App/Models/BaseModelTestCase.php: {"insertSpaces":true,"tabSize":4}
workspace/tests/Unit/App/Models/BaseModelTestCase.php: {"insertSpaces":true,"tabSize":4}
workspace/tests/Unit/App/Models/BaseModelTestCase.php: {"insertSpaces":true,"tabSize":4}
workspace/tests/Unit/App/Models/BaseModelTestCase.php: {"insertSpaces":true,"tabSize":4}
workspace/tests/Unit/App/Models/BaseModelTestCase.php: {"insertSpaces":true,"tabSize":4}
workspace/tests/Unit/App/Models/BaseModelTestCase.php: {"insertSpaces":true,"tabSize":4}
workspace/tests/Unit/App/Models/BaseModelTestCase.php: {"insertSpaces":true,"tabSize":4}
workspace/.gitignore: {"insertSpaces":true,"tabSize":4}
workspace/.gitignore: Using EditorConfig core...
.gitignore: editor.action.trimTrailingWhitespace
.gitignore: insertFinalNewline(LF)
workspace/.gitignore: {"insertSpaces":true,"tabSize":4}
workspace/.gitignore: Using EditorConfig core...
.gitignore: editor.action.trimTrailingWhitespace
.gitignore: insertFinalNewline(LF)
workspace/.gitignore: {"insertSpaces":true,"tabSize":4}
workspace/.gitignore: Using EditorConfig core...
.gitignore: editor.action.trimTrailingWhitespace
workspace/.gitignore: {"insertSpaces":true,"tabSize":4}
workspace/.gitignore: {"insertSpaces":true,"tabSize":4}
workspace/.gitignore: Using EditorConfig core...
.gitignore: editor.action.trimTrailingWhitespace
.gitignore: insertFinalNewline(LF)
workspace/.ssh/known_hosts: {"insertSpaces":true,"tabSize":4}
workspace/.gitignore: {"insertSpaces":true,"tabSize":4}
workspace/database/migrations/2014_10_12_000000_create_users_table.php: {"insertSpaces":true,"tabSize":4}
workspace/database/migrations/2014_10_12_000000_create_users_table.php: {"insertSpaces":true,"tabSize":4}
workspace/.gitignore: {"insertSpaces":true,"tabSize":4}
