[2022-03-21T20:04:58.344Z] Validating found git in: git
[2022-03-21T20:04:58.373Z] Using git 2.30.2 from git
[2022-03-21T21:31:01.714Z] > git rev-parse --git-dir [1ms]
[2022-03-21T21:31:01.718Z] Open repository: /workspace
[2022-03-21T21:31:01.766Z] > git symbolic-ref --short HEAD [3ms]
[2022-03-21T21:31:01.774Z] > git for-each-ref --format=%(refname)%00%(upstream:short)%00%(objectname)%00%(upstream:track) refs/heads/master refs/remotes/master [1ms]
[2022-03-21T21:31:01.793Z] > git for-each-ref --sort -committerdate --format %(refname) %(objectname) %(*objectname) [11ms]
[2022-03-21T21:31:01.793Z] > git remote --verbose [2ms]
[2022-03-21T21:31:02.482Z] > git config --get commit.template [43ms]
[2022-03-21T21:31:02.665Z] > git ls-files --stage -- /workspace/app/Models/Category.php [11ms]
[2022-03-21T21:31:02.666Z] > git ls-files --stage -- /workspace/tests/Unit/App/Models/BaseModelTestCase.php [2ms]
[2022-03-21T21:31:04.573Z] > git symbolic-ref --short HEAD [1ms]
[2022-03-21T21:31:04.582Z] > git for-each-ref --format=%(refname)%00%(upstream:short)%00%(objectname)%00%(upstream:track) refs/heads/master refs/remotes/master [1ms]
[2022-03-21T21:31:04.596Z] > git for-each-ref --sort -committerdate --format %(refname) %(objectname) %(*objectname) [7ms]
[2022-03-21T21:31:04.597Z] > git remote --verbose [1ms]
[2022-03-21T21:31:04.644Z] > git config --get commit.template [2ms]
[2022-03-21T21:31:09.691Z] > git symbolic-ref --short HEAD [0ms]
[2022-03-21T21:31:09.701Z] > git for-each-ref --format=%(refname)%00%(upstream:short)%00%(objectname)%00%(upstream:track) refs/heads/master refs/remotes/master [0ms]
[2022-03-21T21:31:09.718Z] > git for-each-ref --sort -committerdate --format %(refname) %(objectname) %(*objectname) [8ms]
[2022-03-21T21:31:09.718Z] > git remote --verbose [1ms]
[2022-03-21T21:31:09.763Z] > git config --get commit.template [2ms]
[2022-03-21T21:31:14.807Z] > git symbolic-ref --short HEAD [1ms]
[2022-03-21T21:31:14.817Z] > git for-each-ref --format=%(refname)%00%(upstream:short)%00%(objectname)%00%(upstream:track) refs/heads/master refs/remotes/master [0ms]
[2022-03-21T21:31:14.837Z] > git for-each-ref --sort -committerdate --format %(refname) %(objectname) %(*objectname) [10ms]
[2022-03-21T21:31:14.837Z] > git remote --verbose [1ms]
[2022-03-21T21:31:14.880Z] > git config --get commit.template [2ms]
[2022-03-21T21:31:19.934Z] > git symbolic-ref --short HEAD [1ms]
[2022-03-21T21:31:19.946Z] > git for-each-ref --format=%(refname)%00%(upstream:short)%00%(objectname)%00%(upstream:track) refs/heads/master refs/remotes/master [1ms]
[2022-03-21T21:31:19.967Z] > git for-each-ref --sort -committerdate --format %(refname) %(objectname) %(*objectname) [11ms]
[2022-03-21T21:31:19.967Z] > git remote --verbose [1ms]
[2022-03-21T21:31:20.009Z] > git config --get commit.template [2ms]
[2022-03-21T21:32:10.142Z] > git symbolic-ref --short HEAD [0ms]
[2022-03-21T21:32:10.151Z] > git for-each-ref --format=%(refname)%00%(upstream:short)%00%(objectname)%00%(upstream:track) refs/heads/master refs/remotes/master [1ms]
[2022-03-21T21:32:10.166Z] > git for-each-ref --sort -committerdate --format %(refname) %(objectname) %(*objectname) [8ms]
[2022-03-21T21:32:10.166Z] > git remote --verbose [1ms]
[2022-03-21T21:32:10.213Z] > git config --get commit.template [4ms]
[2022-03-21T21:32:15.271Z] > git symbolic-ref --short HEAD [1ms]
[2022-03-21T21:32:15.280Z] > git for-each-ref --format=%(refname)%00%(upstream:short)%00%(objectname)%00%(upstream:track) refs/heads/master refs/remotes/master [1ms]
[2022-03-21T21:32:15.294Z] > git for-each-ref --sort -committerdate --format %(refname) %(objectname) %(*objectname) [7ms]
[2022-03-21T21:32:15.295Z] > git remote --verbose [1ms]
[2022-03-21T21:32:15.340Z] > git config --get commit.template [1ms]
[2022-03-21T21:32:23.422Z] > git symbolic-ref --short HEAD [0ms]
[2022-03-21T21:32:23.432Z] > git for-each-ref --format=%(refname)%00%(upstream:short)%00%(objectname)%00%(upstream:track) refs/heads/master refs/remotes/master [1ms]
[2022-03-21T21:32:23.449Z] > git for-each-ref --sort -committerdate --format %(refname) %(objectname) %(*objectname) [9ms]
[2022-03-21T21:32:23.449Z] > git remote --verbose [1ms]
[2022-03-21T21:32:23.497Z] > git config --get commit.template [2ms]
[2022-03-21T21:33:13.384Z] > git symbolic-ref --short HEAD [2ms]
[2022-03-21T21:33:13.395Z] > git for-each-ref --format=%(refname)%00%(upstream:short)%00%(objectname)%00%(upstream:track) refs/heads/master refs/remotes/master [1ms]
[2022-03-21T21:33:13.416Z] > git for-each-ref --sort -committerdate --format %(refname) %(objectname) %(*objectname) [9ms]
[2022-03-21T21:33:13.416Z] > git remote --verbose [0ms]
[2022-03-21T21:33:13.476Z] > git config --get commit.template [6ms]
[2022-03-21T21:33:18.532Z] > git symbolic-ref --short HEAD [1ms]
[2022-03-21T21:33:18.541Z] > git for-each-ref --format=%(refname)%00%(upstream:short)%00%(objectname)%00%(upstream:track) refs/heads/master refs/remotes/master [1ms]
[2022-03-21T21:33:18.556Z] > git for-each-ref --sort -committerdate --format %(refname) %(objectname) %(*objectname) [7ms]
[2022-03-21T21:33:18.557Z] > git remote --verbose [1ms]
[2022-03-21T21:33:18.601Z] > git config --get commit.template [4ms]
[2022-03-21T21:33:20.809Z] > git ls-files --stage -- /workspace/app/Models/Category.php [17ms]
[2022-03-21T21:33:20.811Z] > git ls-files --stage -- /workspace/tests/Unit/App/Models/BaseModelTestCase.php [2ms]
[2022-03-21T21:33:25.326Z] > git symbolic-ref --short HEAD [1ms]
[2022-03-21T21:33:25.337Z] > git for-each-ref --format=%(refname)%00%(upstream:short)%00%(objectname)%00%(upstream:track) refs/heads/master refs/remotes/master [1ms]
[2022-03-21T21:33:25.361Z] > git for-each-ref --sort -committerdate --format %(refname) %(objectname) %(*objectname) [11ms]
[2022-03-21T21:33:25.362Z] > git remote --verbose [1ms]
[2022-03-21T21:33:25.407Z] > git config --get commit.template [2ms]
[2022-03-21T21:33:30.466Z] > git symbolic-ref --short HEAD [1ms]
[2022-03-21T21:33:30.477Z] > git for-each-ref --format=%(refname)%00%(upstream:short)%00%(objectname)%00%(upstream:track) refs/heads/master refs/remotes/master [0ms]
[2022-03-21T21:33:30.499Z] > git for-each-ref --sort -committerdate --format %(refname) %(objectname) %(*objectname) [12ms]
[2022-03-21T21:33:30.499Z] > git remote --verbose [1ms]
[2022-03-21T21:33:30.540Z] > git config --get commit.template [2ms]
[2022-03-21T21:33:35.603Z] > git symbolic-ref --short HEAD [2ms]
[2022-03-21T21:33:35.616Z] > git for-each-ref --format=%(refname)%00%(upstream:short)%00%(objectname)%00%(upstream:track) refs/heads/master refs/remotes/master [1ms]
[2022-03-21T21:33:35.637Z] > git for-each-ref --sort -committerdate --format %(refname) %(objectname) %(*objectname) [11ms]
[2022-03-21T21:33:35.638Z] > git remote --verbose [1ms]
[2022-03-21T21:33:35.680Z] > git config --get commit.template [2ms]
[2022-03-21T21:33:40.727Z] > git symbolic-ref --short HEAD [1ms]
[2022-03-21T21:33:40.741Z] > git for-each-ref --format=%(refname)%00%(upstream:short)%00%(objectname)%00%(upstream:track) refs/heads/master refs/remotes/master [1ms]
[2022-03-21T21:33:40.766Z] > git for-each-ref --sort -committerdate --format %(refname) %(objectname) %(*objectname) [12ms]
[2022-03-21T21:33:40.766Z] > git remote --verbose [1ms]
[2022-03-21T21:33:40.812Z] > git config --get commit.template [4ms]
[2022-03-21T21:33:45.858Z] > git symbolic-ref --short HEAD [1ms]
[2022-03-21T21:33:45.869Z] > git for-each-ref --format=%(refname)%00%(upstream:short)%00%(objectname)%00%(upstream:track) refs/heads/master refs/remotes/master [0ms]
[2022-03-21T21:33:45.888Z] > git for-each-ref --sort -committerdate --format %(refname) %(objectname) %(*objectname) [9ms]
[2022-03-21T21:33:45.889Z] > git remote --verbose [1ms]
[2022-03-21T21:33:45.934Z] > git config --get commit.template [2ms]
[2022-03-21T21:33:50.633Z] > git ls-files --stage -- /workspace/app/Models/Category.php [11ms]
[2022-03-21T21:33:50.634Z] > git ls-files --stage -- /workspace/tests/Unit/App/Models/BaseModelTestCase.php [2ms]
[2022-03-21T21:33:50.995Z] > git symbolic-ref --short HEAD [2ms]
[2022-03-21T21:33:51.006Z] > git for-each-ref --format=%(refname)%00%(upstream:short)%00%(objectname)%00%(upstream:track) refs/heads/laravel refs/remotes/laravel [1ms]
[2022-03-21T21:33:51.025Z] > git for-each-ref --sort -committerdate --format %(refname) %(objectname) %(*objectname) [9ms]
[2022-03-21T21:33:51.025Z] > git remote --verbose [0ms]
[2022-03-21T21:33:51.067Z] > git config --get commit.template [1ms]
[2022-03-21T21:33:59.443Z] > git symbolic-ref --short HEAD [1ms]
[2022-03-21T21:33:59.456Z] > git for-each-ref --format=%(refname)%00%(upstream:short)%00%(objectname)%00%(upstream:track) refs/heads/laravel refs/remotes/laravel [1ms]
[2022-03-21T21:33:59.479Z] > git for-each-ref --sort -committerdate --format %(refname) %(objectname) %(*objectname) [12ms]
[2022-03-21T21:33:59.479Z] > git remote --verbose [1ms]
[2022-03-21T21:33:59.527Z] > git config --get commit.template [2ms]
[2022-03-21T21:34:04.571Z] > git symbolic-ref --short HEAD [2ms]
[2022-03-21T21:34:04.584Z] > git for-each-ref --format=%(refname)%00%(upstream:short)%00%(objectname)%00%(upstream:track) refs/heads/laravel refs/remotes/laravel [1ms]
[2022-03-21T21:34:04.608Z] > git for-each-ref --sort -committerdate --format %(refname) %(objectname) %(*objectname) [13ms]
[2022-03-21T21:34:04.608Z] > git remote --verbose [1ms]
[2022-03-21T21:34:04.654Z] > git config --get commit.template [2ms]
[2022-03-21T21:34:09.430Z] > git ls-files --stage -- /workspace/app/Models/Category.php [14ms]
[2022-03-21T21:34:09.443Z] > git ls-files --stage -- /workspace/tests/Unit/App/Models/BaseModelTestCase.php [14ms]
[2022-03-21T21:34:09.456Z] > git cat-file -s dc4ea56d71d5d79ee332bb5dc579362a29a27178 [13ms]
[2022-03-21T21:34:09.456Z] > git cat-file -s 41c6ff0908f361c6ee811fab5146f7bc3593f59c [1ms]
[2022-03-21T21:34:09.716Z] > git symbolic-ref --short HEAD [1ms]
[2022-03-21T21:34:09.729Z] > git for-each-ref --format=%(refname)%00%(upstream:short)%00%(objectname)%00%(upstream:track) refs/heads/laravel refs/remotes/laravel [0ms]
[2022-03-21T21:34:09.755Z] > git for-each-ref --sort -committerdate --format %(refname) %(objectname) %(*objectname) [13ms]
[2022-03-21T21:34:09.755Z] > git remote --verbose [0ms]
[2022-03-21T21:34:09.812Z] > git config --get commit.template [6ms]
[2022-03-21T21:34:14.871Z] > git symbolic-ref --short HEAD [1ms]
[2022-03-21T21:34:14.887Z] > git for-each-ref --format=%(refname)%00%(upstream:short)%00%(objectname)%00%(upstream:track) refs/heads/laravel refs/remotes/laravel [1ms]
[2022-03-21T21:34:14.914Z] > git for-each-ref --sort -committerdate --format %(refname) %(objectname) %(*objectname) [13ms]
[2022-03-21T21:34:14.915Z] > git remote --verbose [1ms]
[2022-03-21T21:34:14.967Z] > git config --get commit.template [3ms]
[2022-03-21T21:34:20.025Z] > git symbolic-ref --short HEAD [1ms]
[2022-03-21T21:34:20.037Z] > git for-each-ref --format=%(refname)%00%(upstream:short)%00%(objectname)%00%(upstream:track) refs/heads/laravel refs/remotes/laravel [1ms]
[2022-03-21T21:34:20.060Z] > git for-each-ref --sort -committerdate --format %(refname) %(objectname) %(*objectname) [12ms]
[2022-03-21T21:34:20.060Z] > git remote --verbose [1ms]
[2022-03-21T21:34:20.112Z] > git config --get commit.template [4ms]
[2022-03-21T21:34:25.176Z] > git symbolic-ref --short HEAD [1ms]
[2022-03-21T21:34:25.188Z] > git for-each-ref --format=%(refname)%00%(upstream:short)%00%(objectname)%00%(upstream:track) refs/heads/laravel refs/remotes/laravel [0ms]
[2022-03-21T21:34:25.209Z] > git for-each-ref --sort -committerdate --format %(refname) %(objectname) %(*objectname) [10ms]
[2022-03-21T21:34:25.209Z] > git remote --verbose [0ms]
[2022-03-21T21:34:25.251Z] > git config --get commit.template [2ms]
[2022-03-21T21:34:36.515Z] > git ls-files --stage -- /workspace/app/Models/Category.php [17ms]
[2022-03-21T21:34:36.531Z] > git ls-files --stage -- /workspace/tests/Unit/App/Models/BaseModelTestCase.php [17ms]
[2022-03-21T21:34:36.545Z] > git cat-file -s dc4ea56d71d5d79ee332bb5dc579362a29a27178 [15ms]
[2022-03-21T21:34:36.558Z] > git cat-file -s 41c6ff0908f361c6ee811fab5146f7bc3593f59c [14ms]
[2022-03-21T21:34:36.559Z] > git symbolic-ref --short HEAD [1ms]
[2022-03-21T21:34:36.596Z] > git for-each-ref --format=%(refname)%00%(upstream:short)%00%(objectname)%00%(upstream:track) refs/heads/laravel refs/remotes/laravel [25ms]
[2022-03-21T21:34:36.619Z] > git for-each-ref --sort -committerdate --format %(refname) %(objectname) %(*objectname) [11ms]
[2022-03-21T21:34:36.619Z] > git remote --verbose [1ms]
[2022-03-21T21:34:36.662Z] > git config --get commit.template [1ms]
[2022-03-21T21:34:41.718Z] > git symbolic-ref --short HEAD [0ms]
[2022-03-21T21:34:41.733Z] > git for-each-ref --format=%(refname)%00%(upstream:short)%00%(objectname)%00%(upstream:track) refs/heads/laravel refs/remotes/laravel [1ms]
[2022-03-21T21:34:41.759Z] > git for-each-ref --sort -committerdate --format %(refname) %(objectname) %(*objectname) [13ms]
[2022-03-21T21:34:41.759Z] > git remote --verbose [1ms]
[2022-03-21T21:34:41.805Z] > git config --get commit.template [2ms]
[2022-03-21T21:34:46.857Z] > git symbolic-ref --short HEAD [1ms]
[2022-03-21T21:34:46.871Z] > git for-each-ref --format=%(refname)%00%(upstream:short)%00%(objectname)%00%(upstream:track) refs/heads/laravel refs/remotes/laravel [0ms]
[2022-03-21T21:34:46.901Z] > git for-each-ref --sort -committerdate --format %(refname) %(objectname) %(*objectname) [16ms]
[2022-03-21T21:34:46.902Z] > git remote --verbose [1ms]
[2022-03-21T21:34:46.950Z] > git config --get commit.template [2ms]
[2022-03-21T21:34:51.991Z] > git symbolic-ref --short HEAD [1ms]
[2022-03-21T21:34:52.001Z] > git for-each-ref --format=%(refname)%00%(upstream:short)%00%(objectname)%00%(upstream:track) refs/heads/laravel refs/remotes/laravel [1ms]
[2022-03-21T21:34:52.018Z] > git for-each-ref --sort -committerdate --format %(refname) %(objectname) %(*objectname) [8ms]
[2022-03-21T21:34:52.018Z] > git remote --verbose [1ms]
[2022-03-21T21:34:52.061Z] > git config --get commit.template [2ms]
[2022-03-21T21:35:01.364Z] > git symbolic-ref --short HEAD [1ms]
[2022-03-21T21:35:01.377Z] > git for-each-ref --format=%(refname)%00%(upstream:short)%00%(objectname)%00%(upstream:track) refs/heads/laravel refs/remotes/laravel [1ms]
[2022-03-21T21:35:01.400Z] > git for-each-ref --sort -committerdate --format %(refname) %(objectname) %(*objectname) [11ms]
[2022-03-21T21:35:01.412Z] > git remote --verbose [13ms]
[2022-03-21T21:35:01.459Z] > git config --get commit.template [3ms]
[2022-03-21T21:35:06.513Z] > git symbolic-ref --short HEAD [0ms]
[2022-03-21T21:35:06.527Z] > git for-each-ref --format=%(refname)%00%(upstream:short)%00%(objectname)%00%(upstream:track) refs/heads/laravel refs/remotes/laravel [1ms]
[2022-03-21T21:35:06.549Z] > git for-each-ref --sort -committerdate --format %(refname) %(objectname) %(*objectname) [11ms]
[2022-03-21T21:35:06.549Z] > git remote --verbose [1ms]
[2022-03-21T21:35:06.593Z] > git config --get commit.template [2ms]
[2022-03-21T21:35:11.657Z] > git symbolic-ref --short HEAD [0ms]
[2022-03-21T21:35:11.674Z] > git for-each-ref --format=%(refname)%00%(upstream:short)%00%(objectname)%00%(upstream:track) refs/heads/laravel refs/remotes/laravel [0ms]
[2022-03-21T21:35:11.700Z] > git for-each-ref --sort -committerdate --format %(refname) %(objectname) %(*objectname) [13ms]
[2022-03-21T21:35:11.700Z] > git remote --verbose [0ms]
[2022-03-21T21:35:11.749Z] > git config --get commit.template [2ms]
[2022-03-21T21:35:16.807Z] > git symbolic-ref --short HEAD [1ms]
[2022-03-21T21:35:16.822Z] > git for-each-ref --format=%(refname)%00%(upstream:short)%00%(objectname)%00%(upstream:track) refs/heads/laravel refs/remotes/laravel [1ms]
[2022-03-21T21:35:16.849Z] > git for-each-ref --sort -committerdate --format %(refname) %(objectname) %(*objectname) [14ms]
[2022-03-21T21:35:16.849Z] > git remote --verbose [0ms]
[2022-03-21T21:35:16.908Z] > git config --get commit.template [16ms]
[2022-03-21T21:35:21.978Z] > git symbolic-ref --short HEAD [1ms]
[2022-03-21T21:35:21.995Z] > git for-each-ref --format=%(refname)%00%(upstream:short)%00%(objectname)%00%(upstream:track) refs/heads/laravel refs/remotes/laravel [1ms]
[2022-03-21T21:35:22.027Z] > git for-each-ref --sort -committerdate --format %(refname) %(objectname) %(*objectname) [16ms]
[2022-03-21T21:35:22.027Z] > git remote --verbose [0ms]
[2022-03-21T21:35:22.077Z] > git config --get commit.template [4ms]
[2022-03-21T21:35:26.300Z] > git ls-files --stage -- /workspace/.gitignore [2ms]
[2022-03-21T21:35:26.387Z] > git cat-file -s 1c9971ea95d1887a3989c85e471771a5e9fb3588 [27ms]
[2022-03-21T21:35:27.138Z] > git symbolic-ref --short HEAD [1ms]
[2022-03-21T21:35:27.153Z] > git for-each-ref --format=%(refname)%00%(upstream:short)%00%(objectname)%00%(upstream:track) refs/heads/laravel refs/remotes/laravel [1ms]
[2022-03-21T21:35:27.180Z] > git for-each-ref --sort -committerdate --format %(refname) %(objectname) %(*objectname) [14ms]
[2022-03-21T21:35:27.180Z] > git remote --verbose [1ms]
[2022-03-21T21:35:27.230Z] > git config --get commit.template [2ms]
[2022-03-21T21:35:32.276Z] > git symbolic-ref --short HEAD [1ms]
[2022-03-21T21:35:32.290Z] > git for-each-ref --format=%(refname)%00%(upstream:short)%00%(objectname)%00%(upstream:track) refs/heads/laravel refs/remotes/laravel [1ms]
[2022-03-21T21:35:32.314Z] > git for-each-ref --sort -committerdate --format %(refname) %(objectname) %(*objectname) [12ms]
[2022-03-21T21:35:32.315Z] > git remote --verbose [1ms]
[2022-03-21T21:35:32.358Z] > git config --get commit.template [2ms]
[2022-03-21T21:35:37.420Z] > git symbolic-ref --short HEAD [1ms]
[2022-03-21T21:35:37.435Z] > git for-each-ref --format=%(refname)%00%(upstream:short)%00%(objectname)%00%(upstream:track) refs/heads/laravel refs/remotes/laravel [1ms]
[2022-03-21T21:35:37.463Z] > git for-each-ref --sort -committerdate --format %(refname) %(objectname) %(*objectname) [14ms]
[2022-03-21T21:35:37.464Z] > git remote --verbose [1ms]
[2022-03-21T21:35:37.509Z] > git config --get commit.template [2ms]
[2022-03-21T21:35:42.575Z] > git symbolic-ref --short HEAD [1ms]
[2022-03-21T21:35:42.591Z] > git for-each-ref --format=%(refname)%00%(upstream:short)%00%(objectname)%00%(upstream:track) refs/heads/laravel refs/remotes/laravel [1ms]
[2022-03-21T21:35:42.622Z] > git for-each-ref --sort -committerdate --format %(refname) %(objectname) %(*objectname) [16ms]
[2022-03-21T21:35:42.622Z] > git remote --verbose [1ms]
[2022-03-21T21:35:42.671Z] > git config --get commit.template [2ms]
[2022-03-21T21:35:47.741Z] > git symbolic-ref --short HEAD [1ms]
[2022-03-21T21:35:47.760Z] > git for-each-ref --format=%(refname)%00%(upstream:short)%00%(objectname)%00%(upstream:track) refs/heads/laravel refs/remotes/laravel [1ms]
[2022-03-21T21:35:47.796Z] > git for-each-ref --sort -committerdate --format %(refname) %(objectname) %(*objectname) [19ms]
[2022-03-21T21:35:47.796Z] > git remote --verbose [1ms]
[2022-03-21T21:35:47.846Z] > git config --get commit.template [2ms]
[2022-03-21T21:35:52.910Z] > git symbolic-ref --short HEAD [1ms]
[2022-03-21T21:35:52.930Z] > git for-each-ref --format=%(refname)%00%(upstream:short)%00%(objectname)%00%(upstream:track) refs/heads/laravel refs/remotes/laravel [1ms]
[2022-03-21T21:35:52.966Z] > git for-each-ref --sort -committerdate --format %(refname) %(objectname) %(*objectname) [18ms]
[2022-03-21T21:35:52.966Z] > git remote --verbose [1ms]
[2022-03-21T21:35:53.018Z] > git config --get commit.template [2ms]
[2022-03-21T21:36:08.987Z] > git ls-files --stage -- /workspace/app/Models/Category.php [18ms]
[2022-03-21T21:36:09.003Z] > git ls-files --stage -- /workspace/.gitignore [17ms]
[2022-03-21T21:36:09.019Z] > git cat-file -s dc4ea56d71d5d79ee332bb5dc579362a29a27178 [16ms]
[2022-03-21T21:36:09.034Z] > git cat-file -s 1c9971ea95d1887a3989c85e471771a5e9fb3588 [16ms]
[2022-03-21T21:36:09.034Z] > git symbolic-ref --short HEAD [0ms]
[2022-03-21T21:36:09.078Z] > git for-each-ref --format=%(refname)%00%(upstream:short)%00%(objectname)%00%(upstream:track) refs/heads/laravel refs/remotes/laravel [29ms]
[2022-03-21T21:36:09.105Z] > git for-each-ref --sort -committerdate --format %(refname) %(objectname) %(*objectname) [13ms]
[2022-03-21T21:36:09.106Z] > git remote --verbose [2ms]
[2022-03-21T21:36:09.153Z] > git config --get commit.template [3ms]
[2022-03-21T21:36:14.204Z] > git symbolic-ref --short HEAD [0ms]
[2022-03-21T21:36:14.219Z] > git for-each-ref --format=%(refname)%00%(upstream:short)%00%(objectname)%00%(upstream:track) refs/heads/laravel refs/remotes/laravel [1ms]
[2022-03-21T21:36:14.245Z] > git for-each-ref --sort -committerdate --format %(refname) %(objectname) %(*objectname) [13ms]
[2022-03-21T21:36:14.246Z] > git remote --verbose [1ms]
[2022-03-21T21:36:14.290Z] > git config --get commit.template [2ms]
[2022-03-21T21:36:19.343Z] > git symbolic-ref --short HEAD [1ms]
[2022-03-21T21:36:19.369Z] > git for-each-ref --format=%(refname)%00%(upstream:short)%00%(objectname)%00%(upstream:track) refs/heads/laravel refs/remotes/laravel [4ms]
[2022-03-21T21:36:19.401Z] > git for-each-ref --sort -committerdate --format %(refname) %(objectname) %(*objectname) [16ms]
[2022-03-21T21:36:19.401Z] > git remote --verbose [1ms]
[2022-03-21T21:36:19.453Z] > git config --get commit.template [5ms]
[2022-03-21T21:36:25.945Z] > git symbolic-ref --short HEAD [1ms]
[2022-03-21T21:36:25.963Z] > git for-each-ref --format=%(refname)%00%(upstream:short)%00%(objectname)%00%(upstream:track) refs/heads/laravel refs/remotes/laravel [1ms]
[2022-03-21T21:36:25.998Z] > git for-each-ref --sort -committerdate --format %(refname) %(objectname) %(*objectname) [18ms]
[2022-03-21T21:36:25.998Z] > git remote --verbose [1ms]
[2022-03-21T21:36:26.047Z] > git config --get commit.template [3ms]
[2022-03-21T21:36:31.098Z] > git symbolic-ref --short HEAD [1ms]
[2022-03-21T21:36:31.116Z] > git for-each-ref --format=%(refname)%00%(upstream:short)%00%(objectname)%00%(upstream:track) refs/heads/laravel refs/remotes/laravel [1ms]
[2022-03-21T21:36:31.150Z] > git for-each-ref --sort -committerdate --format %(refname) %(objectname) %(*objectname) [17ms]
[2022-03-21T21:36:31.151Z] > git remote --verbose [1ms]
[2022-03-21T21:36:31.199Z] > git config --get commit.template [3ms]
[2022-03-21T21:36:42.966Z] > git symbolic-ref --short HEAD [1ms]
[2022-03-21T21:36:42.987Z] > git for-each-ref --format=%(refname)%00%(upstream:short)%00%(objectname)%00%(upstream:track) refs/heads/laravel refs/remotes/laravel [1ms]
[2022-03-21T21:36:43.027Z] > git for-each-ref --sort -committerdate --format %(refname) %(objectname) %(*objectname) [20ms]
[2022-03-21T21:36:43.027Z] > git remote --verbose [1ms]
[2022-03-21T21:36:43.079Z] > git config --get commit.template [2ms]
[2022-03-21T21:36:48.140Z] > git symbolic-ref --short HEAD [1ms]
[2022-03-21T21:36:48.160Z] > git for-each-ref --format=%(refname)%00%(upstream:short)%00%(objectname)%00%(upstream:track) refs/heads/laravel refs/remotes/laravel [0ms]
[2022-03-21T21:36:48.199Z] > git for-each-ref --sort -committerdate --format %(refname) %(objectname) %(*objectname) [19ms]
[2022-03-21T21:36:48.200Z] > git remote --verbose [1ms]
[2022-03-21T21:36:48.250Z] > git config --get commit.template [2ms]
[2022-03-21T21:36:53.307Z] > git symbolic-ref --short HEAD [0ms]
[2022-03-21T21:36:53.325Z] > git for-each-ref --format=%(refname)%00%(upstream:short)%00%(objectname)%00%(upstream:track) refs/heads/laravel refs/remotes/laravel [2ms]
[2022-03-21T21:36:53.355Z] > git for-each-ref --sort -committerdate --format %(refname) %(objectname) %(*objectname) [14ms]
[2022-03-21T21:36:53.355Z] > git remote --verbose [0ms]
[2022-03-21T21:36:53.407Z] > git config --get commit.template [2ms]
[2022-03-21T21:36:58.454Z] > git symbolic-ref --short HEAD [1ms]
[2022-03-21T21:36:58.470Z] > git for-each-ref --format=%(refname)%00%(upstream:short)%00%(objectname)%00%(upstream:track) refs/heads/laravel refs/remotes/laravel [1ms]
[2022-03-21T21:36:58.497Z] > git for-each-ref --sort -committerdate --format %(refname) %(objectname) %(*objectname) [14ms]
[2022-03-21T21:36:58.497Z] > git remote --verbose [1ms]
[2022-03-21T21:36:58.544Z] > git config --get commit.template [4ms]
[2022-03-21T21:37:03.598Z] > git symbolic-ref --short HEAD [0ms]
[2022-03-21T21:37:03.613Z] > git for-each-ref --format=%(refname)%00%(upstream:short)%00%(objectname)%00%(upstream:track) refs/heads/laravel refs/remotes/laravel [0ms]
[2022-03-21T21:37:03.641Z] > git remote --verbose [0ms]
[2022-03-21T21:37:03.642Z] > git for-each-ref --sort -committerdate --format %(refname) %(objectname) %(*objectname) [15ms]
[2022-03-21T21:37:03.686Z] > git config --get commit.template [5ms]
[2022-03-21T21:37:08.733Z] > git symbolic-ref --short HEAD [1ms]
[2022-03-21T21:37:08.749Z] > git for-each-ref --format=%(refname)%00%(upstream:short)%00%(objectname)%00%(upstream:track) refs/heads/laravel refs/remotes/laravel [1ms]
[2022-03-21T21:37:08.778Z] > git for-each-ref --sort -committerdate --format %(refname) %(objectname) %(*objectname) [14ms]
[2022-03-21T21:37:08.778Z] > git remote --verbose [0ms]
[2022-03-21T21:37:08.825Z] > git config --get commit.template [2ms]
[2022-03-21T21:37:20.653Z] > git ls-files --stage -- /workspace/app/Models/Category.php [17ms]
[2022-03-21T21:37:20.671Z] > git ls-files --stage -- /workspace/.gitignore [19ms]
[2022-03-21T21:37:20.687Z] > git cat-file -s dc4ea56d71d5d79ee332bb5dc579362a29a27178 [17ms]
[2022-03-21T21:37:20.703Z] > git cat-file -s 893f143caa4a1fe27f89a24fcac203077496f1da [17ms]
[2022-03-21T21:37:20.703Z] > git symbolic-ref --short HEAD [0ms]
[2022-03-21T21:37:20.751Z] > git for-each-ref --format=%(refname)%00%(upstream:short)%00%(objectname)%00%(upstream:track) refs/heads/laravel refs/remotes/laravel [32ms]
[2022-03-21T21:37:20.784Z] > git for-each-ref --sort -committerdate --format %(refname) %(objectname) %(*objectname) [16ms]
[2022-03-21T21:37:20.784Z] > git remote --verbose [1ms]
[2022-03-21T21:37:20.839Z] > git config --get commit.template [4ms]
[2022-03-21T21:37:25.899Z] > git symbolic-ref --short HEAD [1ms]
[2022-03-21T21:37:25.919Z] > git for-each-ref --format=%(refname)%00%(upstream:short)%00%(objectname)%00%(upstream:track) refs/heads/laravel refs/remotes/laravel [1ms]
[2022-03-21T21:37:25.955Z] > git for-each-ref --sort -committerdate --format %(refname) %(objectname) %(*objectname) [18ms]
[2022-03-21T21:37:25.955Z] > git remote --verbose [1ms]
[2022-03-21T21:37:26.007Z] > git config --get commit.template [1ms]
[2022-03-21T21:37:31.063Z] > git symbolic-ref --short HEAD [1ms]
[2022-03-21T21:37:31.079Z] > git for-each-ref --format=%(refname)%00%(upstream:short)%00%(objectname)%00%(upstream:track) refs/heads/laravel refs/remotes/laravel [1ms]
[2022-03-21T21:37:31.109Z] > git for-each-ref --sort -committerdate --format %(refname) %(objectname) %(*objectname) [15ms]
[2022-03-21T21:37:31.110Z] > git remote --verbose [1ms]
[2022-03-21T21:37:31.163Z] > git config --get commit.template [2ms]
[2022-03-21T21:37:36.218Z] > git symbolic-ref --short HEAD [1ms]
[2022-03-21T21:37:36.235Z] > git for-each-ref --format=%(refname)%00%(upstream:short)%00%(objectname)%00%(upstream:track) refs/heads/laravel refs/remotes/laravel [1ms]
[2022-03-21T21:37:36.268Z] > git for-each-ref --sort -committerdate --format %(refname) %(objectname) %(*objectname) [17ms]
[2022-03-21T21:37:36.268Z] > git remote --verbose [1ms]
[2022-03-21T21:37:36.317Z] > git config --get commit.template [1ms]
[2022-03-21T21:37:41.370Z] > git symbolic-ref --short HEAD [0ms]
[2022-03-21T21:37:41.386Z] > git for-each-ref --format=%(refname)%00%(upstream:short)%00%(objectname)%00%(upstream:track) refs/heads/laravel refs/remotes/laravel [1ms]
[2022-03-21T21:37:41.416Z] > git for-each-ref --sort -committerdate --format %(refname) %(objectname) %(*objectname) [15ms]
[2022-03-21T21:37:41.416Z] > git remote --verbose [1ms]
[2022-03-21T21:37:41.462Z] > git config --get commit.template [5ms]
[2022-03-21T21:37:46.510Z] > git symbolic-ref --short HEAD [1ms]
[2022-03-21T21:37:46.530Z] > git for-each-ref --format=%(refname)%00%(upstream:short)%00%(objectname)%00%(upstream:track) refs/heads/laravel refs/remotes/laravel [1ms]
[2022-03-21T21:37:46.562Z] > git for-each-ref --sort -committerdate --format %(refname) %(objectname) %(*objectname) [16ms]
[2022-03-21T21:37:46.562Z] > git remote --verbose [0ms]
[2022-03-21T21:37:46.609Z] > git config --get commit.template [2ms]
[2022-03-21T21:37:51.662Z] > git symbolic-ref --short HEAD [0ms]
[2022-03-21T21:37:51.681Z] > git for-each-ref --format=%(refname)%00%(upstream:short)%00%(objectname)%00%(upstream:track) refs/heads/laravel refs/remotes/laravel [1ms]
[2022-03-21T21:37:51.715Z] > git for-each-ref --sort -committerdate --format %(refname) %(objectname) %(*objectname) [17ms]
[2022-03-21T21:37:51.715Z] > git remote --verbose [0ms]
[2022-03-21T21:37:51.764Z] > git config --get commit.template [2ms]
[2022-03-21T21:37:56.826Z] > git symbolic-ref --short HEAD [1ms]
[2022-03-21T21:37:56.845Z] > git for-each-ref --format=%(refname)%00%(upstream:short)%00%(objectname)%00%(upstream:track) refs/heads/laravel refs/remotes/laravel [0ms]
[2022-03-21T21:37:56.883Z] > git for-each-ref --sort -committerdate --format %(refname) %(objectname) %(*objectname) [20ms]
[2022-03-21T21:37:56.883Z] > git remote --verbose [1ms]
[2022-03-21T21:37:56.932Z] > git config --get commit.template [2ms]
[2022-03-21T21:38:01.976Z] > git symbolic-ref --short HEAD [0ms]
[2022-03-21T21:38:01.992Z] > git for-each-ref --format=%(refname)%00%(upstream:short)%00%(objectname)%00%(upstream:track) refs/heads/laravel refs/remotes/laravel [1ms]
[2022-03-21T21:38:02.020Z] > git for-each-ref --sort -committerdate --format %(refname) %(objectname) %(*objectname) [14ms]
[2022-03-21T21:38:02.020Z] > git remote --verbose [0ms]
[2022-03-21T21:38:02.070Z] > git config --get commit.template [3ms]
[2022-03-21T21:38:07.131Z] > git symbolic-ref --short HEAD [2ms]
[2022-03-21T21:38:07.147Z] > git for-each-ref --format=%(refname)%00%(upstream:short)%00%(objectname)%00%(upstream:track) refs/heads/laravel refs/remotes/laravel [1ms]
[2022-03-21T21:38:07.176Z] > git for-each-ref --sort -committerdate --format %(refname) %(objectname) %(*objectname) [15ms]
[2022-03-21T21:38:07.176Z] > git remote --verbose [1ms]
[2022-03-21T21:38:07.222Z] > git config --get commit.template [2ms]
[2022-03-21T21:38:12.268Z] > git symbolic-ref --short HEAD [1ms]
[2022-03-21T21:38:12.283Z] > git for-each-ref --format=%(refname)%00%(upstream:short)%00%(objectname)%00%(upstream:track) refs/heads/laravel refs/remotes/laravel [1ms]
[2022-03-21T21:38:12.310Z] > git for-each-ref --sort -committerdate --format %(refname) %(objectname) %(*objectname) [13ms]
[2022-03-21T21:38:12.311Z] > git remote --verbose [1ms]
[2022-03-21T21:38:12.355Z] > git config --get commit.template [4ms]
[2022-03-21T21:38:17.400Z] > git symbolic-ref --short HEAD [1ms]
[2022-03-21T21:38:17.415Z] > git for-each-ref --format=%(refname)%00%(upstream:short)%00%(objectname)%00%(upstream:track) refs/heads/laravel refs/remotes/laravel [0ms]
[2022-03-21T21:38:17.444Z] > git for-each-ref --sort -committerdate --format %(refname) %(objectname) %(*objectname) [14ms]
[2022-03-21T21:38:17.444Z] > git remote --verbose [1ms]
[2022-03-21T21:38:17.490Z] > git config --get commit.template [2ms]
[2022-03-21T21:38:22.551Z] > git symbolic-ref --short HEAD [1ms]
[2022-03-21T21:38:22.569Z] > git for-each-ref --format=%(refname)%00%(upstream:short)%00%(objectname)%00%(upstream:track) refs/heads/laravel refs/remotes/laravel [1ms]
[2022-03-21T21:38:22.601Z] > git for-each-ref --sort -committerdate --format %(refname) %(objectname) %(*objectname) [17ms]
[2022-03-21T21:38:22.601Z] > git remote --verbose [0ms]
[2022-03-21T21:38:22.648Z] > git config --get commit.template [1ms]
[2022-03-21T21:38:27.709Z] > git symbolic-ref --short HEAD [2ms]
[2022-03-21T21:38:27.727Z] > git for-each-ref --format=%(refname)%00%(upstream:short)%00%(objectname)%00%(upstream:track) refs/heads/laravel refs/remotes/laravel [1ms]
[2022-03-21T21:38:27.762Z] > git for-each-ref --sort -committerdate --format %(refname) %(objectname) %(*objectname) [18ms]
[2022-03-21T21:38:27.762Z] > git remote --verbose [1ms]
[2022-03-21T21:38:27.812Z] > git config --get commit.template [7ms]
[2022-03-21T21:38:32.869Z] > git symbolic-ref --short HEAD [1ms]
[2022-03-21T21:38:32.887Z] > git for-each-ref --format=%(refname)%00%(upstream:short)%00%(objectname)%00%(upstream:track) refs/heads/laravel refs/remotes/laravel [1ms]
[2022-03-21T21:38:32.917Z] > git for-each-ref --sort -committerdate --format %(refname) %(objectname) %(*objectname) [15ms]
[2022-03-21T21:38:32.917Z] > git remote --verbose [1ms]
[2022-03-21T21:38:32.970Z] > git config --get commit.template [2ms]
[2022-03-21T21:38:38.024Z] > git symbolic-ref --short HEAD [0ms]
[2022-03-21T21:38:38.040Z] > git for-each-ref --format=%(refname)%00%(upstream:short)%00%(objectname)%00%(upstream:track) refs/heads/laravel refs/remotes/laravel [0ms]
[2022-03-21T21:38:38.070Z] > git for-each-ref --sort -committerdate --format %(refname) %(objectname) %(*objectname) [15ms]
[2022-03-21T21:38:38.070Z] > git remote --verbose [1ms]
[2022-03-21T21:38:38.115Z] > git config --get commit.template [2ms]
[2022-03-21T21:38:43.174Z] > git symbolic-ref --short HEAD [1ms]
[2022-03-21T21:38:43.192Z] > git for-each-ref --format=%(refname)%00%(upstream:short)%00%(objectname)%00%(upstream:track) refs/heads/laravel refs/remotes/laravel [1ms]
[2022-03-21T21:38:43.223Z] > git for-each-ref --sort -committerdate --format %(refname) %(objectname) %(*objectname) [16ms]
[2022-03-21T21:38:43.223Z] > git remote --verbose [1ms]
[2022-03-21T21:38:43.271Z] > git config --get commit.template [2ms]
[2022-03-21T21:38:44.780Z] > git ls-files --stage -- /workspace/.ssh/known_hosts [22ms]
[2022-03-21T21:38:44.800Z] > git cat-file -s 2f7807bb5cf9c1c7ac7d070eefe5a27a35644e0f [1ms]
[2022-03-21T21:38:47.972Z] > git ls-files --stage -- /workspace/.gitignore [2ms]
[2022-03-21T21:38:47.991Z] > git cat-file -s 893f143caa4a1fe27f89a24fcac203077496f1da [1ms]
[2022-03-21T21:38:48.326Z] > git symbolic-ref --short HEAD [2ms]
[2022-03-21T21:38:48.346Z] > git for-each-ref --format=%(refname)%00%(upstream:short)%00%(objectname)%00%(upstream:track) refs/heads/laravel refs/remotes/laravel [0ms]
[2022-03-21T21:38:48.380Z] > git for-each-ref --sort -committerdate --format %(refname) %(objectname) %(*objectname) [17ms]
[2022-03-21T21:38:48.380Z] > git remote --verbose [1ms]
[2022-03-21T21:38:48.431Z] > git config --get commit.template [2ms]
[2022-03-21T21:38:53.479Z] > git symbolic-ref --short HEAD [1ms]
[2022-03-21T21:38:53.496Z] > git for-each-ref --format=%(refname)%00%(upstream:short)%00%(objectname)%00%(upstream:track) refs/heads/laravel refs/remotes/laravel [1ms]
[2022-03-21T21:38:53.529Z] > git for-each-ref --sort -committerdate --format %(refname) %(objectname) %(*objectname) [17ms]
[2022-03-21T21:38:53.529Z] > git remote --verbose [1ms]
[2022-03-21T21:38:53.578Z] > git config --get commit.template [3ms]
[2022-03-21T21:38:58.627Z] > git symbolic-ref --short HEAD [0ms]
[2022-03-21T21:38:58.647Z] > git for-each-ref --format=%(refname)%00%(upstream:short)%00%(objectname)%00%(upstream:track) refs/heads/laravel refs/remotes/laravel [1ms]
[2022-03-21T21:38:58.682Z] > git for-each-ref --sort -committerdate --format %(refname) %(objectname) %(*objectname) [18ms]
[2022-03-21T21:38:58.683Z] > git remote --verbose [1ms]
[2022-03-21T21:38:58.732Z] > git config --get commit.template [2ms]
[2022-03-21T21:39:03.795Z] > git symbolic-ref --short HEAD [1ms]
[2022-03-21T21:39:03.816Z] > git for-each-ref --format=%(refname)%00%(upstream:short)%00%(objectname)%00%(upstream:track) refs/heads/laravel refs/remotes/laravel [1ms]
[2022-03-21T21:39:03.859Z] > git for-each-ref --sort -committerdate --format %(refname) %(objectname) %(*objectname) [22ms]
[2022-03-21T21:39:03.859Z] > git remote --verbose [0ms]
[2022-03-21T21:39:03.913Z] > git config --get commit.template [6ms]
[2022-03-21T21:39:08.965Z] > git symbolic-ref --short HEAD [1ms]
[2022-03-21T21:39:08.981Z] > git for-each-ref --format=%(refname)%00%(upstream:short)%00%(objectname)%00%(upstream:track) refs/heads/laravel refs/remotes/laravel [1ms]
[2022-03-21T21:39:09.010Z] > git for-each-ref --sort -committerdate --format %(refname) %(objectname) %(*objectname) [14ms]
[2022-03-21T21:39:09.011Z] > git remote --verbose [1ms]
[2022-03-21T21:39:09.060Z] > git config --get commit.template [2ms]
[2022-03-21T21:39:14.119Z] > git symbolic-ref --short HEAD [1ms]
[2022-03-21T21:39:14.137Z] > git for-each-ref --format=%(refname)%00%(upstream:short)%00%(objectname)%00%(upstream:track) refs/heads/laravel refs/remotes/laravel [1ms]
[2022-03-21T21:39:14.169Z] > git for-each-ref --sort -committerdate --format %(refname) %(objectname) %(*objectname) [16ms]
[2022-03-21T21:39:14.169Z] > git remote --verbose [1ms]
[2022-03-21T21:39:14.217Z] > git config --get commit.template [2ms]
[2022-03-21T21:39:17.036Z] > git ls-files --stage -- /workspace/database/migrations/2014_10_12_000000_create_users_table.php [1ms]
[2022-03-21T21:39:17.056Z] > git cat-file -s cf6b77661eb5837bebf0a528444a070af7a9d1c0 [3ms]
[2022-03-21T21:39:19.279Z] > git symbolic-ref --short HEAD [0ms]
[2022-03-21T21:39:19.296Z] > git for-each-ref --format=%(refname)%00%(upstream:short)%00%(objectname)%00%(upstream:track) refs/heads/laravel refs/remotes/laravel [1ms]
[2022-03-21T21:39:19.326Z] > git for-each-ref --sort -committerdate --format %(refname) %(objectname) %(*objectname) [15ms]
[2022-03-21T21:39:19.326Z] > git remote --verbose [0ms]
[2022-03-21T21:39:19.372Z] > git config --get commit.template [2ms]
[2022-03-21T21:39:24.416Z] > git symbolic-ref --short HEAD [1ms]
[2022-03-21T21:39:24.433Z] > git for-each-ref --format=%(refname)%00%(upstream:short)%00%(objectname)%00%(upstream:track) refs/heads/laravel refs/remotes/laravel [1ms]
[2022-03-21T21:39:24.463Z] > git for-each-ref --sort -committerdate --format %(refname) %(objectname) %(*objectname) [15ms]
[2022-03-21T21:39:24.464Z] > git remote --verbose [1ms]
[2022-03-21T21:39:24.512Z] > git config --get commit.template [2ms]
[2022-03-21T21:39:28.817Z] > git ls-files --stage -- /workspace/.gitignore [2ms]
[2022-03-21T21:39:28.838Z] > git cat-file -s 893f143caa4a1fe27f89a24fcac203077496f1da [1ms]
[2022-03-21T21:39:29.563Z] > git symbolic-ref --short HEAD [1ms]
[2022-03-21T21:39:29.584Z] > git for-each-ref --format=%(refname)%00%(upstream:short)%00%(objectname)%00%(upstream:track) refs/heads/laravel refs/remotes/laravel [1ms]
[2022-03-21T21:39:29.622Z] > git for-each-ref --sort -committerdate --format %(refname) %(objectname) %(*objectname) [19ms]
[2022-03-21T21:39:29.623Z] > git remote --verbose [1ms]
[2022-03-21T21:39:29.672Z] > git config --get commit.template [2ms]
