Initializing document watcher...
/var/www/.vscode-server/data/Machine/settings.json: Using EditorConfig core...
/var/www/.vscode-server/data/Machine/settings.json: trimTrailingWhitespace()
/var/www/.vscode-server/data/Machine/settings.json: insertFinalNewline(LF)
workspace/.vscode/settings.json: Using EditorConfig core...
.vscode/settings.json: trimTrailingWhitespace()
.vscode/settings.json: insertFinalNewline(LF)
workspace/.gitconfig: {"insertSpaces":true,"tabSize":2}
workspace/.gitignore: {"insertSpaces":true,"tabSize":2}
workspace/.gitignore: {"insertSpaces":true,"tabSize":2}
workspace/.gitignore: {"insertSpaces":true,"tabSize":2}
No more open editors.
/home/diego/.config/Code/User/settings.json: Using EditorConfig core...
No more open editors.
/home/diego/.config/Code/User/settings.json: Using EditorConfig core...
/var/www/.vscode-server/data/Machine/settings.json: Using EditorConfig core...
/var/www/.vscode-server/data/Machine/settings.json: trimTrailingWhitespace()
/var/www/.vscode-server/data/Machine/settings.json: insertFinalNewline(LF)
No more open editors.
No more open editors.
No more open editors.
No more open editors.
/home/diego/.config/Code/User/keybindings.json: Using EditorConfig core...
/home/diego/.config/Code/User/keybindings.json: Using EditorConfig core...
No more open editors.
/home/diego/.config/Code/User/keybindings.json: Using EditorConfig core...
/home/diego/.config/Code/User/keybindings.json: Using EditorConfig core...
No more open editors.
workspace/tests/Unit/UseCase/Category/CreateCategoryUseCaseUnitTest.php: {"insertSpaces":true,"tabSize":2}
workspace/tests/Unit/UseCase/Category/FindCategoryByIdUseCaseUnitTest.php: {"insertSpaces":true,"tabSize":2}
workspace/tests/Unit/UseCase/Category/CreateCategoryUseCaseUnitTest.php: {"insertSpaces":true,"tabSize":2}
workspace/tests/Unit/UseCase/Category/CreateCategoryUseCaseUnitTest.php: {"insertSpaces":true,"tabSize":2}
workspace/tests/Unit/UseCase/Category/CreateCategoryUseCaseUnitTest.php: {"insertSpaces":true,"tabSize":2}
